2022-06-19 15:39:22,489  WARNING | Version: Fitness-Dashboard_0.17_Alpha
2022-06-19 15:39:22,490     INFO | Open INFO
2022-06-19 15:39:22,490  WARNING | Open WARNING
2022-06-19 15:39:22,490    ERROR | Open ERROR
2022-06-19 15:39:22,490 CRITICAL | Open CRITICAL
2022-06-19 15:39:22,490  WARNING | ant_allow[hrm] [25953, 28525, 42396, 18877]
2022-06-19 15:39:22,490  WARNING | ant_allow[pwr] []
2022-06-19 15:39:22,490  WARNING | ant_allow[fec] []
2022-06-19 15:39:22,490  WARNING | ant_allow[mo2] None
2022-06-19 15:39:22,490  WARNING | ant_allow[tmp] None
2022-06-19 15:39:22,490  WARNING | ant_allow[deny] [9715, 11999, 25484]
2022-06-19 15:39:22,490  WARNING | ant_allow[wakeup] [25953]
2022-06-19 15:39:22,545     INFO | Manufacturer: CYCPLUS
2022-06-19 15:39:22,552     INFO | Product: ANT USBStick2
2022-06-19 15:39:22,552     INFO | idVendor: 0x0fcf
2022-06-19 15:39:22,552     INFO | idProduct: 0x1008
2022-06-19 15:39:22,553     INFO | Driver
2022-06-19 15:39:22,554  WARNING | Ant App starting AntState
2022-06-19 15:39:22,670     INFO | USBReadLoop
2022-06-19 15:39:22,672  WARNING | Reset initiated
2022-06-19 15:39:22,673  WARNING |
2022-06-19 15:39:22,674  WARNING | INITIAL SEND[1]: TX_POWER | 0x47 | 00 FF| txPower: ff
2022-06-19 15:39:22,674     INFO | SEND[06]: a4 02 47 00 ff 1e
2022-06-19 15:39:22,677  WARNING |
2022-06-19 15:39:22,680  WARNING | INITIAL SEND[2]: SYSTEM_RESET | 0x4A | 00|
2022-06-19 15:39:22,687     INFO | SEND[05]: a4 01 4a 00 ef
2022-06-19 15:39:22,687     INFO | RECV[07]: a4 03 40 00 47 00 a0
2022-06-19 15:39:22,690  WARNING | EVENT[1] 40 FOR WAITING[47] TX_POWER | 0x47 | 00 FF| txPower: ff RESPONDING TO: 47 ack: True
2022-06-19 15:39:22,691  WARNING | EVENT[1]: 40  [00 47] channelNumber: 0 messageID: 71 messageCode[0]: RESPONSE_NO_ERROR
2022-06-19 15:39:22,695     INFO | RECV[05]: a4 01 6f 20 ea
2022-06-19 15:39:22,707  WARNING | RESPONSE[2] 6f WAITING[4a] SYSTEM_RESET | 0x4A | 00|  STARTUP ack: True
2022-06-19 15:39:22,708  WARNING | STARTUP[6f:20] COMMAND_RESET
2022-06-19 15:39:22,710  WARNING |
2022-06-19 15:39:22,728  WARNING | SEND[3]: CHANNEL_REQUEST | 0x4D | 00 61| ucChannel: 00 ucMessageID: 61
2022-06-19 15:39:22,729     INFO | SEND[06]: a4 02 4d 00 61 8a
2022-06-19 15:39:22,737     INFO | RECV[08]: a4 04 61 a8 5a b3 76 f6
2022-06-19 15:39:22,739  WARNING | SERIAL_NUMBER REQUEST[3] 61 FOR WAITING[4d] CHANNEL_REQUEST | 0x4D | 00 61| ucChannel: 00 ucMessageID: 61 RESPONDING TO: 61 ack: True
2022-06-19 15:39:22,739  WARNING | SERIAL_NUMBER[3]: 61 [a8 5a b3] 11754152
2022-06-19 15:39:22,739  WARNING |
2022-06-19 15:39:22,740  WARNING | SEND[4]: CHANNEL_REQUEST | 0x4D | 00 C6| ucChannel: 00 ucMessageID: c6
2022-06-19 15:39:22,740     INFO | SEND[06]: a4 02 4d 00 c6 2d
2022-06-19 15:39:22,746     INFO | RECV[09]: a4 05 c6 a0 a1 a2 a3 a4 c3
2022-06-19 15:39:22,748  WARNING | SERIAL_NUMBER_C6 REQUEST[4] c6 FOR WAITING[4d] CHANNEL_REQUEST | 0x4D | 00 C6| ucChannel: 00 ucMessageID: c6 RESPONDING TO: c6 ack: True
2022-06-19 15:39:22,749  WARNING | SERIAL_NUMBER_C6[4]: c6 [a0 a1 a2] 10658208
2022-06-19 15:39:22,751  WARNING |
2022-06-19 15:39:22,754  WARNING | SEND[5]: CHANNEL_REQUEST | 0x4D | 00 54| ucChannel: 00 ucMessageID: 54
2022-06-19 15:39:22,755     INFO | SEND[06]: a4 02 4d 00 54 bf
2022-06-19 15:39:22,756     INFO | RECV[12]: a4 08 54 08 08 00 b2 36 00 fd fd 7c
2022-06-19 15:39:22,760  WARNING | CAPABILITIES REQUEST[5] 54 FOR WAITING[4d] CHANNEL_REQUEST | 0x4D | 00 54| ucChannel: 00 ucMessageID: 54 RESPONDING TO: 54 ack: True
2022-06-19 15:39:22,764  WARNING | CAPABILITIES[5]: 54 08 Max ANT Channels 8
2022-06-19 15:39:22,767  WARNING | CAPABILITIES[5]: 54 00 Max Networks 0
2022-06-19 15:39:22,767  WARNING | CAPABILITIES[5]: 54 08 Standard Options: NO_TRANSMIT_MESSAGES
2022-06-19 15:39:22,768  WARNING | CAPABILITIES[5]: 54 00 Advanced Options:
2022-06-19 15:39:22,771  WARNING | CAPABILITIES[5]: 54 b2 Advanced Options 2: EXT_MESSAGE_ENABLED PROX_SEARCH_ENABLED EXT_ASSIGN_ENABLED FIT1_ENABLED
2022-06-19 15:39:22,775  WARNING | CAPABILITIES[5]: 54 00 Advanced Options 3:
2022-06-19 15:39:22,779  WARNING | CAPABILITIES[5]: 54 fd Advanced Options 4: RFACTIVE_NOTIFICATION_ENABLED
2022-06-19 15:39:22,792  WARNING |
2022-06-19 15:39:22,805  WARNING | SEND[6]: CHANNEL_REQUEST | 0x4D | 00 3E| ucChannel: 00 ucMessageID: 3e
2022-06-19 15:39:22,807     INFO | SEND[06]: a4 02 4d 00 3e d5
2022-06-19 15:39:22,827     INFO | RECV[16]: a4 0c 3e 42 4c 4a 30 36 2e 30 31 2e 30 31 00 d4
2022-06-19 15:39:22,832  WARNING | VERSION REQUEST[6] 3e FOR WAITING[4d] CHANNEL_REQUEST | 0x4D | 00 3E| ucChannel: 00 ucMessageID: 3e RESPONDING TO: 3e ack: True
2022-06-19 15:39:22,833  WARNING | VERSION[6] 3e [42 4c 4a 30 36 2e 30 31 2e 30 31 00] BLJ06.01.01
2022-06-19 15:39:22,834  WARNING |
2022-06-19 15:39:22,835  WARNING | SEND[7]: CHANNEL_REQUEST | 0x4D | 00 52| ucChannel: 00 ucMessageID: 52
2022-06-19 15:39:22,836     INFO | SEND[06]: a4 02 4d 00 52 b9
2022-06-19 15:39:22,849     INFO | RECV[06]: a4 02 52 00 00 f4
2022-06-19 15:39:22,856  WARNING | CHANNEL_STATUS REQUEST[7] 52 FOR WAITING[4d] CHANNEL_REQUEST | 0x4D | 00 52| ucChannel: 00 ucMessageID: 52 RESPONDING TO: 52 ack: True
2022-06-19 15:39:22,857  WARNING | CHANNEL_STATUS[7]: 52 00 type: [00] Two Way Receive, network number: 00, state: [00] Unassigned
2022-06-19 15:39:22,860  WARNING |
2022-06-19 15:39:22,867  WARNING | SEND[8]: NETWORK_KEY | 0x46 | 00 B9 A5 21 FB BD 72 C3 45| channel: 00 key: b9 a5 21 fb bd 72 c3 45
2022-06-19 15:39:22,873     INFO | SEND[13]: a4 09 46 00 b9 a5 21 fb bd 72 c3 45 64
2022-06-19 15:39:22,878     INFO | RECV[07]: a4 03 40 00 46 00 a1
2022-06-19 15:39:22,888  WARNING | EVENT[8] 40 FOR WAITING[46] NETWORK_KEY | 0x46 | 00 B9 A5 21 FB BD 72 C3 45| channel: 00 key: b9 a5 21 fb bd 72 c3 45 RESPONDING TO: 46 ack: True
2022-06-19 15:39:22,888  WARNING | EVENT[8]: 40  [00 46] channelNumber: 0 messageID: 70 messageCode[0]: RESPONSE_NO_ERROR
2022-06-19 15:39:22,889  WARNING |
2022-06-19 15:39:22,893  WARNING | SEND[9]: CHANNEL_ASSIGN | 0x42 | 00 40 00| channel: 00 network: 00 extended: None
2022-06-19 15:39:22,893     INFO | SEND[07]: a4 03 42 00 40 00 a5
2022-06-19 15:39:22,898     INFO | RECV[07]: a4 03 40 00 42 00 a5
2022-06-19 15:39:22,903  WARNING | EVENT[9] 40 FOR WAITING[42] CHANNEL_ASSIGN | 0x42 | 00 40 00| channel: 00 network: 00 extended: None RESPONDING TO: 42 ack: True
2022-06-19 15:39:22,904  WARNING | EVENT[9]: 40  [00 42] channelNumber: 0 messageID: 66 messageCode[0]: RESPONSE_NO_ERROR
2022-06-19 15:39:22,906  WARNING |
2022-06-19 15:39:22,908  WARNING | SEND[10]:  CHANNEL_ID | 0x51 | 00 00 00 00 00| channel: 00 deviceNumber: 00 deviceType: 00 transType: 00
2022-06-19 15:39:22,909     INFO | SEND[09]: a4 05 51 00 00 00 00 00 f0
2022-06-19 15:39:22,920     INFO | RECV[07]: a4 03 40 00 51 00 b6
2022-06-19 15:39:22,926  WARNING | EVENT[10] 40 FOR WAITING[51]  CHANNEL_ID | 0x51 | 00 00 00 00 00| channel: 00 deviceNumber: 00 deviceType: 00 transType: 00 RESPONDING TO: 51 ack: True
2022-06-19 15:39:22,927  WARNING | EVENT[10]: 40  [00 51] channelNumber: 0 messageID: 81 messageCode[0]: RESPONSE_NO_ERROR
2022-06-19 15:39:22,927  WARNING |
2022-06-19 15:39:22,929  WARNING | SEND[11]: CHANNEL_FREQUENCY | 0x45 | 00 39| channel: 00 frequency: 999
2022-06-19 15:39:22,930     INFO | SEND[06]: a4 02 45 00 39 da
2022-06-19 15:39:22,945     INFO | RECV[07]: a4 03 40 00 45 00 a2
2022-06-19 15:39:22,956  WARNING | EVENT[11] 40 FOR WAITING[45] CHANNEL_FREQUENCY | 0x45 | 00 39| channel: 00 frequency: 999 RESPONDING TO: 45 ack: True
2022-06-19 15:39:22,956  WARNING | EVENT[11]: 40  [00 45] channelNumber: 0 messageID: 69 messageCode[0]: RESPONSE_NO_ERROR
2022-06-19 15:39:22,959  WARNING |
2022-06-19 15:39:22,967  WARNING | SEND[12]: ENABLE_EXT_RX_MESSAGES | 0x66 | 00 01| enable: True
2022-06-19 15:39:22,976     INFO | SEND[06]: a4 02 66 00 01 c1
2022-06-19 15:39:22,991     INFO | RECV[07]: a4 03 40 00 66 00 81
2022-06-19 15:39:22,996  WARNING | EVENT[12] 40 FOR WAITING[66] ENABLE_EXT_RX_MESSAGES | 0x66 | 00 01| enable: True RESPONDING TO: 66 ack: True
2022-06-19 15:39:22,996  WARNING | EVENT[12]: 40  [00 66] channelNumber: 0 messageID: 102 messageCode[0]: RESPONSE_NO_ERROR
2022-06-19 15:39:22,998  WARNING |
2022-06-19 15:39:22,998  WARNING | SEND[13]: LIB_CONFIG | 0x6E | 00 E0| rxTimestamp: True rssi: True channelId: True
2022-06-19 15:39:22,998     INFO | SEND[06]: a4 02 6e 00 e0 28
2022-06-19 15:39:23,008     INFO | RECV[07]: a4 03 40 00 6e 00 89
2022-06-19 15:39:23,019  WARNING | EVENT[13] 40 FOR WAITING[6e] LIB_CONFIG | 0x6E | 00 E0| rxTimestamp: True rssi: True channelId: True RESPONDING TO: 6e ack: True
2022-06-19 15:39:23,019  WARNING | EVENT[13]: 40  [00 6e] channelNumber: 0 messageID: 110 messageCode[0]: RESPONSE_NO_ERROR
2022-06-19 15:39:23,019  WARNING |
2022-06-19 15:39:23,019  WARNING | SEND[14]: OPEN_RX_SCAN_MODE | 0x5B | 00|
2022-06-19 15:39:23,019     INFO | SEND[05]: a4 01 5b 00 fe
2022-06-19 15:39:23,032     INFO | RECV[07]: a4 03 40 00 5b 00 bc
2022-06-19 15:39:23,032  WARNING | EVENT[14] 40 FOR WAITING[5b] OPEN_RX_SCAN_MODE | 0x5B | 00|  RESPONDING TO: 5b ack: True
2022-06-19 15:39:23,033  WARNING | EVENT[14]: 40  [00 5b] channelNumber: 0 messageID: 91 messageCode[0]: RESPONSE_NO_ERROR
2022-06-19 15:39:23,077  WARNING | ALLOWED: HRM-18877
2022-06-19 15:39:23,127  WARNING | ALLOWED: HRM-28525
2022-06-19 15:39:23,208  WARNING | ALLOWED: HRM-42396
2022-06-19 15:40:22,673  WARNING | SURVEY:
2022-06-19 15:40:22,674  WARNING | ALLOWED: HRM-18877:  208          0
2022-06-19 15:40:22,674  WARNING | ALLOWED: HRM-28525:  213          0
2022-06-19 15:40:22,675  WARNING | ALLOWED: HRM-42396:  215          0
2022-06-19 15:40:22,676  WARNING | TOTAL MESSAGES:      636        636
2022-06-19 15:41:22,762  WARNING | SURVEY:
2022-06-19 15:41:22,766  WARNING | ALLOWED: HRM-18877:  220        208
2022-06-19 15:41:22,766  WARNING | ALLOWED: HRM-28525:  209        213
2022-06-19 15:41:22,788  WARNING | ALLOWED: HRM-42396:  215        215
2022-06-19 15:41:22,813  WARNING | TOTAL MESSAGES:      644       1280
2022-06-19 15:42:22,896  WARNING | SURVEY:
2022-06-19 15:42:22,902  WARNING | ALLOWED: HRM-18877:  220        428
2022-06-19 15:42:22,904  WARNING | ALLOWED: HRM-28525:  210        422
2022-06-19 15:42:22,916  WARNING | ALLOWED: HRM-42396:  226        430
2022-06-19 15:42:22,924  WARNING | TOTAL MESSAGES:      656       1936
2022-06-19 15:42:50,432    ERROR | USBReadLoop.run: USBError e.errno: 5 e.backend_error_code: -1 probably no such device, STOPPING
2022-06-19 15:42:50,462  WARNING | AntIO stopped
2022-06-19 15:42:50,474  WARNING | Ant App stopping AntState
2022-06-19 15:42:50,474  WARNING | Driver stopped
2022-06-19 15:42:50,474  WARNING | AntIO stopped
2022-06-19 15:42:51,217  WARNING | Ant App stopping USB
2022-06-19 15:42:51,218  WARNING | Ant App Closed
2022-06-19 15:42:53,241     INFO | Manufacturer: CYCPLUS
2022-06-19 15:42:53,247     INFO | Product: ANT USBStick2
2022-06-19 15:42:53,247     INFO | idVendor: 0x0fcf
2022-06-19 15:42:53,247     INFO | idProduct: 0x1008
2022-06-19 15:42:53,248     INFO | Driver
2022-06-19 15:42:53,249  WARNING | Ant App starting AntState
2022-06-19 15:42:53,276     INFO | USBReadLoop
2022-06-19 15:42:53,290  WARNING | Reset initiated
2022-06-19 15:42:53,321  WARNING |
2022-06-19 15:42:53,337  WARNING | INITIAL SEND[1]: TX_POWER | 0x47 | 00 FF| txPower: ff
2022-06-19 15:42:53,340     INFO | SEND[06]: a4 02 47 00 ff 1e
2022-06-19 15:42:53,352  WARNING |
2022-06-19 15:42:53,357     INFO | RECV[07]: a4 03 40 00 47 00 a0
2022-06-19 15:42:53,364  WARNING | INITIAL SEND[2]: SYSTEM_RESET | 0x4A | 00|
2022-06-19 15:42:53,374     INFO | SEND[05]: a4 01 4a 00 ef
2022-06-19 15:42:53,382     INFO | RECV[05]: a4 01 6f 20 ea
2022-06-19 15:42:53,384  WARNING | EVENT[1] 40 FOR WAITING[47] TX_POWER | 0x47 | 00 FF| txPower: ff RESPONDING TO: 47 ack: True
2022-06-19 15:42:53,394  WARNING | EVENT[1]: 40  [00 47] channelNumber: 0 messageID: 71 messageCode[0]: RESPONSE_NO_ERROR
2022-06-19 15:42:53,395  WARNING | RESPONSE[2] 6f WAITING[4a] SYSTEM_RESET | 0x4A | 00|  STARTUP ack: True
2022-06-19 15:42:53,399  WARNING | STARTUP[6f:20] COMMAND_RESET
2022-06-19 15:42:53,407  WARNING |
2022-06-19 15:42:53,442  WARNING | SEND[3]: CHANNEL_REQUEST | 0x4D | 00 61| ucChannel: 00 ucMessageID: 61
2022-06-19 15:42:53,444     INFO | SEND[06]: a4 02 4d 00 61 8a
2022-06-19 15:42:53,456     INFO | RECV[08]: a4 04 61 a8 5a b3 76 f6
2022-06-19 15:42:53,466  WARNING | SERIAL_NUMBER REQUEST[3] 61 FOR WAITING[4d] CHANNEL_REQUEST | 0x4D | 00 61| ucChannel: 00 ucMessageID: 61 RESPONDING TO: 61 ack: True
2022-06-19 15:42:53,472  WARNING | SERIAL_NUMBER[3]: 61 [a8 5a b3] 11754152
2022-06-19 15:42:53,474  WARNING |
2022-06-19 15:42:53,482  WARNING | SEND[4]: CHANNEL_REQUEST | 0x4D | 00 C6| ucChannel: 00 ucMessageID: c6
2022-06-19 15:42:53,486     INFO | SEND[06]: a4 02 4d 00 c6 2d
2022-06-19 15:42:53,507     INFO | RECV[09]: a4 05 c6 a0 a1 a2 a3 a4 c3
2022-06-19 15:42:53,520  WARNING | SERIAL_NUMBER_C6 REQUEST[4] c6 FOR WAITING[4d] CHANNEL_REQUEST | 0x4D | 00 C6| ucChannel: 00 ucMessageID: c6 RESPONDING TO: c6 ack: True
2022-06-19 15:42:53,521  WARNING | SERIAL_NUMBER_C6[4]: c6 [a0 a1 a2] 10658208
2022-06-19 15:42:53,524  WARNING |
2022-06-19 15:42:53,532  WARNING | SEND[5]: CHANNEL_REQUEST | 0x4D | 00 54| ucChannel: 00 ucMessageID: 54
2022-06-19 15:42:53,533     INFO | SEND[06]: a4 02 4d 00 54 bf
2022-06-19 15:42:53,542     INFO | RECV[12]: a4 08 54 08 08 00 b2 36 00 fd fd 7c
2022-06-19 15:42:53,552  WARNING | CAPABILITIES REQUEST[5] 54 FOR WAITING[4d] CHANNEL_REQUEST | 0x4D | 00 54| ucChannel: 00 ucMessageID: 54 RESPONDING TO: 54 ack: True
2022-06-19 15:42:53,556  WARNING | CAPABILITIES[5]: 54 08 Max ANT Channels 8
2022-06-19 15:42:53,560  WARNING | CAPABILITIES[5]: 54 00 Max Networks 0
2022-06-19 15:42:53,565  WARNING | CAPABILITIES[5]: 54 08 Standard Options: NO_TRANSMIT_MESSAGES
2022-06-19 15:42:53,574  WARNING | CAPABILITIES[5]: 54 00 Advanced Options:
2022-06-19 15:42:53,581  WARNING | CAPABILITIES[5]: 54 b2 Advanced Options 2: EXT_MESSAGE_ENABLED PROX_SEARCH_ENABLED EXT_ASSIGN_ENABLED FIT1_ENABLED
2022-06-19 15:42:53,587  WARNING | CAPABILITIES[5]: 54 00 Advanced Options 3:
2022-06-19 15:42:53,590  WARNING | CAPABILITIES[5]: 54 fd Advanced Options 4: RFACTIVE_NOTIFICATION_ENABLED
2022-06-19 15:42:53,608  WARNING |
2022-06-19 15:42:53,614  WARNING | SEND[6]: CHANNEL_REQUEST | 0x4D | 00 3E| ucChannel: 00 ucMessageID: 3e
2022-06-19 15:42:53,614     INFO | SEND[06]: a4 02 4d 00 3e d5
2022-06-19 15:42:53,622     INFO | RECV[16]: a4 0c 3e 42 4c 4a 30 36 2e 30 31 2e 30 31 00 d4
2022-06-19 15:42:53,640  WARNING | VERSION REQUEST[6] 3e FOR WAITING[4d] CHANNEL_REQUEST | 0x4D | 00 3E| ucChannel: 00 ucMessageID: 3e RESPONDING TO: 3e ack: True
2022-06-19 15:42:53,641  WARNING | VERSION[6] 3e [42 4c 4a 30 36 2e 30 31 2e 30 31 00] BLJ06.01.01
2022-06-19 15:42:53,648  WARNING |
2022-06-19 15:42:53,657  WARNING | SEND[7]: CHANNEL_REQUEST | 0x4D | 00 52| ucChannel: 00 ucMessageID: 52
2022-06-19 15:42:53,660     INFO | SEND[06]: a4 02 4d 00 52 b9
2022-06-19 15:42:53,676     INFO | RECV[06]: a4 02 52 00 00 f4
2022-06-19 15:42:53,684  WARNING | CHANNEL_STATUS REQUEST[7] 52 FOR WAITING[4d] CHANNEL_REQUEST | 0x4D | 00 52| ucChannel: 00 ucMessageID: 52 RESPONDING TO: 52 ack: True
2022-06-19 15:42:53,684  WARNING | CHANNEL_STATUS[7]: 52 00 type: [00] Two Way Receive, network number: 00, state: [00] Unassigned
2022-06-19 15:42:53,684  WARNING |
2022-06-19 15:42:53,684  WARNING | SEND[8]: NETWORK_KEY | 0x46 | 00 B9 A5 21 FB BD 72 C3 45| channel: 00 key: b9 a5 21 fb bd 72 c3 45
2022-06-19 15:42:53,684     INFO | SEND[13]: a4 09 46 00 b9 a5 21 fb bd 72 c3 45 64
2022-06-19 15:42:53,695     INFO | RECV[07]: a4 03 40 00 46 00 a1
2022-06-19 15:42:53,729  WARNING | EVENT[8] 40 FOR WAITING[46] NETWORK_KEY | 0x46 | 00 B9 A5 21 FB BD 72 C3 45| channel: 00 key: b9 a5 21 fb bd 72 c3 45 RESPONDING TO: 46 ack: True
2022-06-19 15:42:53,730  WARNING | EVENT[8]: 40  [00 46] channelNumber: 0 messageID: 70 messageCode[0]: RESPONSE_NO_ERROR
2022-06-19 15:42:53,730  WARNING |
2022-06-19 15:42:53,753  WARNING | SEND[9]: CHANNEL_ASSIGN | 0x42 | 00 40 00| channel: 00 network: 00 extended: None
2022-06-19 15:42:53,755     INFO | SEND[07]: a4 03 42 00 40 00 a5
2022-06-19 15:42:53,769     INFO | RECV[07]: a4 03 40 00 42 00 a5
2022-06-19 15:42:53,777  WARNING | EVENT[9] 40 FOR WAITING[42] CHANNEL_ASSIGN | 0x42 | 00 40 00| channel: 00 network: 00 extended: None RESPONDING TO: 42 ack: True
2022-06-19 15:42:53,782  WARNING | EVENT[9]: 40  [00 42] channelNumber: 0 messageID: 66 messageCode[0]: RESPONSE_NO_ERROR
2022-06-19 15:42:53,783  WARNING |
2022-06-19 15:42:53,786  WARNING | SEND[10]:  CHANNEL_ID | 0x51 | 00 00 00 00 00| channel: 00 deviceNumber: 00 deviceType: 00 transType: 00
2022-06-19 15:42:53,786     INFO | SEND[09]: a4 05 51 00 00 00 00 00 f0
2022-06-19 15:42:53,792     INFO | RECV[07]: a4 03 40 00 51 00 b6
2022-06-19 15:42:53,802  WARNING | EVENT[10] 40 FOR WAITING[51]  CHANNEL_ID | 0x51 | 00 00 00 00 00| channel: 00 deviceNumber: 00 deviceType: 00 transType: 00 RESPONDING TO: 51 ack: True
2022-06-19 15:42:53,806  WARNING | EVENT[10]: 40  [00 51] channelNumber: 0 messageID: 81 messageCode[0]: RESPONSE_NO_ERROR
2022-06-19 15:42:53,809  WARNING |
2022-06-19 15:42:53,820  WARNING | SEND[11]: CHANNEL_FREQUENCY | 0x45 | 00 39| channel: 00 frequency: 999
2022-06-19 15:42:53,822     INFO | SEND[06]: a4 02 45 00 39 da
2022-06-19 15:42:53,837     INFO | RECV[07]: a4 03 40 00 45 00 a2
2022-06-19 15:42:53,849  WARNING | EVENT[11] 40 FOR WAITING[45] CHANNEL_FREQUENCY | 0x45 | 00 39| channel: 00 frequency: 999 RESPONDING TO: 45 ack: True
2022-06-19 15:42:53,858  WARNING | EVENT[11]: 40  [00 45] channelNumber: 0 messageID: 69 messageCode[0]: RESPONSE_NO_ERROR
2022-06-19 15:42:53,868  WARNING |
2022-06-19 15:42:53,894  WARNING | SEND[12]: ENABLE_EXT_RX_MESSAGES | 0x66 | 00 01| enable: True
2022-06-19 15:42:53,895     INFO | SEND[06]: a4 02 66 00 01 c1
2022-06-19 15:42:53,905     INFO | RECV[07]: a4 03 40 00 66 00 81
2022-06-19 15:42:53,934  WARNING | EVENT[12] 40 FOR WAITING[66] ENABLE_EXT_RX_MESSAGES | 0x66 | 00 01| enable: True RESPONDING TO: 66 ack: True
2022-06-19 15:42:53,935  WARNING | EVENT[12]: 40  [00 66] channelNumber: 0 messageID: 102 messageCode[0]: RESPONSE_NO_ERROR
2022-06-19 15:42:53,940  WARNING |
2022-06-19 15:42:53,942  WARNING | SEND[13]: LIB_CONFIG | 0x6E | 00 E0| rxTimestamp: True rssi: True channelId: True
2022-06-19 15:42:53,942     INFO | SEND[06]: a4 02 6e 00 e0 28
2022-06-19 15:42:53,944     INFO | RECV[07]: a4 03 40 00 6e 00 89
2022-06-19 15:42:53,961  WARNING | EVENT[13] 40 FOR WAITING[6e] LIB_CONFIG | 0x6E | 00 E0| rxTimestamp: True rssi: True channelId: True RESPONDING TO: 6e ack: True
2022-06-19 15:42:53,961  WARNING | EVENT[13]: 40  [00 6e] channelNumber: 0 messageID: 110 messageCode[0]: RESPONSE_NO_ERROR
2022-06-19 15:42:53,962  WARNING |
2022-06-19 15:42:53,962  WARNING | SEND[14]: OPEN_RX_SCAN_MODE | 0x5B | 00|
2022-06-19 15:42:53,962     INFO | SEND[05]: a4 01 5b 00 fe
2022-06-19 15:42:53,971     INFO | RECV[07]: a4 03 40 00 5b 00 bc
2022-06-19 15:42:54,000  WARNING | EVENT[14] 40 FOR WAITING[5b] OPEN_RX_SCAN_MODE | 0x5B | 00|  RESPONDING TO: 5b ack: True
2022-06-19 15:42:54,007  WARNING | EVENT[14]: 40  [00 5b] channelNumber: 0 messageID: 91 messageCode[0]: RESPONSE_NO_ERROR
2022-06-19 15:42:54,018  WARNING | ALLOWED: HRM-42396
2022-06-19 15:42:54,133  WARNING | ALLOWED: HRM-18877
2022-06-19 15:42:54,184  WARNING | ALLOWED: HRM-28525
2022-06-19 15:43:53,328  WARNING | SURVEY:
2022-06-19 15:43:53,329  WARNING | ALLOWED: HRM-42396:  214          0
2022-06-19 15:43:53,329  WARNING | ALLOWED: HRM-18877:  208          0
2022-06-19 15:43:53,343  WARNING | ALLOWED: HRM-28525:  205          0
2022-06-19 15:43:53,344  WARNING | TOTAL MESSAGES:      627        627
2022-06-19 15:44:53,385  WARNING | SURVEY:
2022-06-19 15:44:53,386  WARNING | ALLOWED: HRM-42396:  211        214
2022-06-19 15:44:53,386  WARNING | ALLOWED: HRM-18877:  207        208
2022-06-19 15:44:53,389  WARNING | ALLOWED: HRM-28525:  205        205
2022-06-19 15:44:53,390  WARNING | TOTAL MESSAGES:      623       1250
